c:\coding\c++\game-premake-main\gat315-physics\game\obj\x64\debug\vc143.pdb
c:\coding\c++\game-premake-main\gat315-physics\game\obj\x64\debug\vc143.idb
c:\coding\c++\game-premake-main\gat315-physics\game\obj\x64\debug\world.obj
c:\coding\c++\game-premake-main\gat315-physics\game\obj\x64\debug\main.obj
c:\coding\c++\game-premake-main\gat315-physics\bin\debug\gat315-physics.exe
c:\coding\c++\game-premake-main\gat315-physics\bin\debug\gat315-physics.pdb
c:\coding\c++\game-premake-main\gat315-physics\game\obj\x64\debug\gat315-physics.ilk
c:\coding\c++\game-premake-main\gat315-physics\game\obj\x64\debug\raylib_game.obj
c:\coding\c++\game-premake-main\gat315-physics\game\obj\x64\debug\screen_ending.obj
c:\coding\c++\game-premake-main\gat315-physics\game\obj\x64\debug\screen_gameplay.obj
c:\coding\c++\game-premake-main\gat315-physics\game\obj\x64\debug\screen_logo.obj
c:\coding\c++\game-premake-main\gat315-physics\game\obj\x64\debug\screen_options.obj
c:\coding\c++\game-premake-main\gat315-physics\game\obj\x64\debug\screen_title.obj
c:\coding\c++\game-premake-main\gat315-physics\game\obj\x64\debug\gat315-physics.tlog\cl.command.1.tlog
c:\coding\c++\game-premake-main\gat315-physics\game\obj\x64\debug\gat315-physics.tlog\cl.items.tlog
c:\coding\c++\game-premake-main\gat315-physics\game\obj\x64\debug\gat315-physics.tlog\cl.read.1.tlog
c:\coding\c++\game-premake-main\gat315-physics\game\obj\x64\debug\gat315-physics.tlog\cl.write.1.tlog
c:\coding\c++\game-premake-main\gat315-physics\game\obj\x64\debug\gat315-physics.tlog\link.command.1.tlog
c:\coding\c++\game-premake-main\gat315-physics\game\obj\x64\debug\gat315-physics.tlog\link.read.1.tlog
c:\coding\c++\game-premake-main\gat315-physics\game\obj\x64\debug\gat315-physics.tlog\link.secondary.1.tlog
c:\coding\c++\game-premake-main\gat315-physics\game\obj\x64\debug\gat315-physics.tlog\link.write.1.tlog
